# JRE version: OpenJDK Runtime Environment Temurin-21.0.1+12 (21.0.1+12) (build 21.0.1+12-LTS)
# Java VM: OpenJDK 64-Bit Server VM Temurin-21.0.1+12 (21.0.1+12-LTS, mixed mode, sharing, tiered, compressed oops, compressed class ptrs, g1 gc, windows-amd64)
GC Precious Log:
 CardTable entry size: 512
 Card Set container configuration: InlinePtr #cards 4 size 8 Array Of Cards #cards 16 size 48 Howl #buckets 8 coarsen threshold 3686 Howl Bitmap #cards 512 size 80 coarsen threshold 460 Card regions per heap region 1 cards per card region 4096
 CPUs: 16 total, 16 available
 Memory: 15724M
 Large Page Support: Disabled
 NUMA Support: Disabled
 Compressed Oops: Enabled (Zero based)
 Heap Region Size: 2M
 Heap Min Capacity: 512M
 Heap Initial Capacity: 512M
 Heap Max Capacity: 4072M
 Pre-touch: Disabled
 Parallel Workers: 4
 Concurrent Workers: 1
 Concurrent Refinement Workers: 4
 Periodic GC: Disabled
 String Deduplication is enabled
Heap:
 garbage-first heap   total 524288K, used 153691K [0x0000000701800000, 0x0000000800000000)
  region size 2048K, 34 young (69632K), 2 survivors (4096K)
 Metaspace       used 79354K, committed 79872K, reserved 1179648K
  class space    used 10659K, committed 10880K, reserved 1048576K
GC Heap History (20 events):
Event: 30.802 GC heap before
{Heap before GC invocations=19 (full 1):
 garbage-first heap   total 524288K, used 165836K [0x0000000701800000, 0x0000000800000000)
  region size 2048K, 40 young (81920K), 2 survivors (4096K)
 Metaspace       used 77790K, committed 78336K, reserved 1179648K
  class space    used 10634K, committed 10880K, reserved 1048576K
}
Event: 30.807 GC heap after
{Heap after GC invocations=20 (full 1):
 garbage-first heap   total 524288K, used 89731K [0x0000000701800000, 0x0000000800000000)
  region size 2048K, 3 young (6144K), 3 survivors (6144K)
 Metaspace       used 77790K, committed 78336K, reserved 1179648K
  class space    used 10634K, committed 10880K, reserved 1048576K
}
Event: 31.816 GC heap before
{Heap before GC invocations=20 (full 1):
 garbage-first heap   total 524288K, used 165507K [0x0000000701800000, 0x0000000800000000)
  region size 2048K, 40 young (81920K), 3 survivors (6144K)
 Metaspace       used 78277K, committed 78848K, reserved 1179648K
  class space    used 10640K, committed 10880K, reserved 1048576K
}
Event: 31.822 GC heap after
{Heap after GC invocations=21 (full 1):
 garbage-first heap   total 524288K, used 92190K [0x0000000701800000, 0x0000000800000000)
  region size 2048K, 4 young (8192K), 4 survivors (8192K)
 Metaspace       used 78277K, committed 78848K, reserved 1179648K
  class space    used 10640K, committed 10880K, reserved 1048576K
}
Event: 32.359 GC heap before
{Heap before GC invocations=21 (full 1):
 garbage-first heap   total 524288K, used 163870K [0x0000000701800000, 0x0000000800000000)
  region size 2048K, 40 young (81920K), 4 survivors (8192K)
 Metaspace       used 78492K, committed 79040K, reserved 1179648K
  class space    used 10640K, committed 10880K, reserved 1048576K
}
Event: 32.366 GC heap after
{Heap after GC invocations=22 (full 1):
 garbage-first heap   total 524288K, used 91968K [0x0000000701800000, 0x0000000800000000)
  region size 2048K, 3 young (6144K), 3 survivors (6144K)
 Metaspace       used 78492K, committed 79040K, reserved 1179648K
  class space    used 10640K, committed 10880K, reserved 1048576K
}
Event: 33.530 GC heap before
{Heap before GC invocations=23 (full 1):
 garbage-first heap   total 524288K, used 167744K [0x0000000701800000, 0x0000000800000000)
  region size 2048K, 40 young (81920K), 3 survivors (6144K)
 Metaspace       used 78566K, committed 79104K, reserved 1179648K
  class space    used 10640K, committed 10880K, reserved 1048576K
}
Event: 33.534 GC heap after
{Heap after GC invocations=24 (full 1):
 garbage-first heap   total 524288K, used 92863K [0x0000000701800000, 0x0000000800000000)
  region size 2048K, 3 young (6144K), 3 survivors (6144K)
 Metaspace       used 78566K, committed 79104K, reserved 1179648K
  class space    used 10640K, committed 10880K, reserved 1048576K
}
Event: 36.341 GC heap before
{Heap before GC invocations=24 (full 1):
 garbage-first heap   total 524288K, used 168639K [0x0000000701800000, 0x0000000800000000)
  region size 2048K, 40 young (81920K), 3 survivors (6144K)
 Metaspace       used 78662K, committed 79168K, reserved 1179648K
  class space    used 10641K, committed 10880K, reserved 1048576K
}
Event: 36.345 GC heap after
{Heap after GC invocations=25 (full 1):
 garbage-first heap   total 524288K, used 92998K [0x0000000701800000, 0x0000000800000000)
  region size 2048K, 3 young (6144K), 3 survivors (6144K)
 Metaspace       used 78662K, committed 79168K, reserved 1179648K
  class space    used 10641K, committed 10880K, reserved 1048576K
}
Event: 80.845 GC heap before
{Heap before GC invocations=25 (full 1):
 garbage-first heap   total 524288K, used 168774K [0x0000000701800000, 0x0000000800000000)
  region size 2048K, 40 young (81920K), 3 survivors (6144K)
 Metaspace       used 78890K, committed 79424K, reserved 1179648K
  class space    used 10646K, committed 10880K, reserved 1048576K
}
Event: 80.888 GC heap after
{Heap after GC invocations=26 (full 1):
 garbage-first heap   total 524288K, used 91265K [0x0000000701800000, 0x0000000800000000)
  region size 2048K, 3 young (6144K), 3 survivors (6144K)
 Metaspace       used 78890K, committed 79424K, reserved 1179648K
  class space    used 10646K, committed 10880K, reserved 1048576K
}
Event: 82.109 GC heap before
{Heap before GC invocations=26 (full 1):
 garbage-first heap   total 524288K, used 167041K [0x0000000701800000, 0x0000000800000000)
  region size 2048K, 40 young (81920K), 3 survivors (6144K)
 Metaspace       used 78904K, committed 79424K, reserved 1179648K
  class space    used 10646K, committed 10880K, reserved 1048576K
}
Event: 82.120 GC heap after
{Heap after GC invocations=27 (full 1):
 garbage-first heap   total 524288K, used 90521K [0x0000000701800000, 0x0000000800000000)
  region size 2048K, 3 young (6144K), 3 survivors (6144K)
 Metaspace       used 78904K, committed 79424K, reserved 1179648K
  class space    used 10646K, committed 10880K, reserved 1048576K
}
Event: 83.233 GC heap before
{Heap before GC invocations=27 (full 1):
 garbage-first heap   total 524288K, used 166297K [0x0000000701800000, 0x0000000800000000)
  region size 2048K, 40 young (81920K), 3 survivors (6144K)
 Metaspace       used 78909K, committed 79424K, reserved 1179648K
  class space    used 10646K, committed 10880K, reserved 1048576K
}
Event: 83.239 GC heap after
{Heap after GC invocations=28 (full 1):
 garbage-first heap   total 524288K, used 90140K [0x0000000701800000, 0x0000000800000000)
  region size 2048K, 2 young (4096K), 2 survivors (4096K)
 Metaspace       used 78909K, committed 79424K, reserved 1179648K
  class space    used 10646K, committed 10880K, reserved 1048576K
}
Event: 86.525 GC heap before
{Heap before GC invocations=28 (full 1):
 garbage-first heap   total 524288K, used 167964K [0x0000000701800000, 0x0000000800000000)
  region size 2048K, 40 young (81920K), 2 survivors (4096K)
 Metaspace       used 79045K, committed 79552K, reserved 1179648K
  class space    used 10647K, committed 10880K, reserved 1048576K
}
Event: 86.534 GC heap after
{Heap after GC invocations=29 (full 1):
 garbage-first heap   total 524288K, used 90472K [0x0000000701800000, 0x0000000800000000)
  region size 2048K, 3 young (6144K), 3 survivors (6144K)
 Metaspace       used 79045K, committed 79552K, reserved 1179648K
  class space    used 10647K, committed 10880K, reserved 1048576K
}
Event: 99.983 GC heap before
{Heap before GC invocations=29 (full 1):
 garbage-first heap   total 524288K, used 166248K [0x0000000701800000, 0x0000000800000000)
  region size 2048K, 41 young (83968K), 3 survivors (6144K)
 Metaspace       used 79115K, committed 79616K, reserved 1179648K
  class space    used 10652K, committed 10880K, reserved 1048576K
}
Event: 99.989 GC heap after
{Heap after GC invocations=30 (full 1):
 garbage-first heap   total 524288K, used 90203K [0x0000000701800000, 0x0000000800000000)
  region size 2048K, 2 young (4096K), 2 survivors (4096K)
 Metaspace       used 79115K, committed 79616K, reserved 1179648K
  class space    used 10652K, committed 10880K, reserved 1048576K
}

